<?xml version="1.0" encoding="UTF-8"?>
<!-- Generated by org.testng.reporters.JUnitReportReporter -->
<testsuite hostname="CCCBE-KHALID" failures="0" tests="1" name="testCases.Test_UserRole_Test" time="6.070" errors="0" timestamp="2025-07-25T12:22:08 IST" skipped="0">
  <testcase classname="testCases.Test_UserRole_Test" name="adminActions" time="6.070"/>
</testsuite> <!-- testCases.Test_UserRole_Test -->
