<?xml version="1.0" encoding="UTF-8"?>
<!-- Generated by org.testng.reporters.JUnitReportReporter -->
<testsuite hostname="CCCBE-KHALID" failures="0" tests="1" name="testCases.Test_Pending_Leave_Request" time="6.944" errors="0" timestamp="2025-07-23T15:22:00 IST" skipped="0">
  <testcase classname="testCases.Test_Pending_Leave_Request" name="verifyPendingLeaveRequest" time="6.944"/>
</testsuite> <!-- testCases.Test_Pending_Leave_Request -->
