<?xml version="1.0" encoding="UTF-8"?>
<!-- Generated by org.testng.reporters.JUnitReportReporter -->
<testsuite hostname="CCCBE-KHALID" failures="0" tests="1" name="testCases.Test_UserRole" time="4.479" errors="0" timestamp="2025-07-23T15:22:00 IST" skipped="0">
  <testcase classname="testCases.Test_UserRole" name="adminActions" time="4.479"/>
</testsuite> <!-- testCases.Test_UserRole -->
